❌ MySQL 연결 실패: getaddrinfo ENOTFOUND globbalhelperusers.c1samnc8adim.ap-northeast-2.rds.amazonaws.com
❌ MySQL 연결 실패: getaddrinfo ENOTFOUND globbalhelperusers.c1samnc8adim.ap-northeast-2.rds.amazonaws.com
❌ MySQL 연결 실패: Access denied for user 'root'@'172.31.47.105' (using password: NO)
❌ MySQL 연결 실패: Access denied for user 'root'@'172.31.47.105' (using password: NO)
❌ MySQL 연결 실패: Access denied for user 'root'@'172.31.47.105' (using password: NO)
❌ MySQL 연결 실패: Access denied for user 'root'@'172.31.47.105' (using password: NO)
❌ MySQL 연결 실패: Access denied for user 'admin'@'172.31.47.105' (using password: YES)
❌ MySQL 연결 실패: Access denied for user 'admin'@'172.31.47.105' (using password: YES)
TypeError: Cannot read properties of undefined (reading 'distance')
    at getRouteInfo (file:///home/ubuntu/GlobalEduSupport/backend/src/controllers/routeController.js:38:38)
    at process.processTicksAndRejections (node:internal/process/task_queues:95:5)
TypeError: Cannot read properties of undefined (reading 'distance')
    at getRouteInfo (file:///home/ubuntu/GlobalEduSupport/backend/src/controllers/routeController.js:38:38)
    at process.processTicksAndRejections (node:internal/process/task_queues:95:5)
Error: 주소 없음
    at geocode (file:///home/ubuntu/GlobalEduSupport/backend/src/controllers/routeController.js:17:61)
    at process.processTicksAndRejections (node:internal/process/task_queues:95:5)
    at async getRouteInfo (file:///home/ubuntu/GlobalEduSupport/backend/src/controllers/routeController.js:22:27)
Error [ERR_MODULE_NOT_FOUND]: Cannot find module '/home/ubuntu/GlobalEduSupport/backend/src/database.js' imported from /home/ubuntu/GlobalEduSupport/backend/src/middleware/passport.js
    at new NodeError (node:internal/errors:405:5)
    at finalizeResolution (node:internal/modules/esm/resolve:327:11)
    at moduleResolve (node:internal/modules/esm/resolve:980:10)
    at defaultResolve (node:internal/modules/esm/resolve:1206:11)
    at ModuleLoader.defaultResolve (node:internal/modules/esm/loader:404:12)
    at ModuleLoader.resolve (node:internal/modules/esm/loader:373:25)
    at ModuleLoader.getModuleJob (node:internal/modules/esm/loader:250:38)
    at ModuleWrap.<anonymous> (node:internal/modules/esm/module_job:76:39)
    at link (node:internal/modules/esm/module_job:75:36) {
  url: 'file:///home/ubuntu/GlobalEduSupport/backend/src/database.js',
  code: 'ERR_MODULE_NOT_FOUND'
}
Error [ERR_MODULE_NOT_FOUND]: Cannot find module '/home/ubuntu/GlobalEduSupport/backend/src/database.js' imported from /home/ubuntu/GlobalEduSupport/backend/src/middleware/passport.js
    at new NodeError (node:internal/errors:405:5)
    at finalizeResolution (node:internal/modules/esm/resolve:327:11)
    at moduleResolve (node:internal/modules/esm/resolve:980:10)
    at defaultResolve (node:internal/modules/esm/resolve:1206:11)
    at ModuleLoader.defaultResolve (node:internal/modules/esm/loader:404:12)
    at ModuleLoader.resolve (node:internal/modules/esm/loader:373:25)
    at ModuleLoader.getModuleJob (node:internal/modules/esm/loader:250:38)
    at ModuleWrap.<anonymous> (node:internal/modules/esm/module_job:76:39)
    at link (node:internal/modules/esm/module_job:75:36) {
  url: 'file:///home/ubuntu/GlobalEduSupport/backend/src/database.js',
  code: 'ERR_MODULE_NOT_FOUND'
}
Error [ERR_MODULE_NOT_FOUND]: Cannot find module '/home/ubuntu/GlobalEduSupport/backend/src/database.js' imported from /home/ubuntu/GlobalEduSupport/backend/src/middleware/passport.js
    at new NodeError (node:internal/errors:405:5)
    at finalizeResolution (node:internal/modules/esm/resolve:327:11)
    at moduleResolve (node:internal/modules/esm/resolve:980:10)
    at defaultResolve (node:internal/modules/esm/resolve:1206:11)
    at ModuleLoader.defaultResolve (node:internal/modules/esm/loader:404:12)
    at ModuleLoader.resolve (node:internal/modules/esm/loader:373:25)
    at ModuleLoader.getModuleJob (node:internal/modules/esm/loader:250:38)
    at ModuleWrap.<anonymous> (node:internal/modules/esm/module_job:76:39)
    at link (node:internal/modules/esm/module_job:75:36) {
  url: 'file:///home/ubuntu/GlobalEduSupport/backend/src/database.js',
  code: 'ERR_MODULE_NOT_FOUND'
}
Error [ERR_MODULE_NOT_FOUND]: Cannot find module '/home/ubuntu/GlobalEduSupport/backend/src/database.js' imported from /home/ubuntu/GlobalEduSupport/backend/src/middleware/passport.js
    at new NodeError (node:internal/errors:405:5)
    at finalizeResolution (node:internal/modules/esm/resolve:327:11)
    at moduleResolve (node:internal/modules/esm/resolve:980:10)
    at defaultResolve (node:internal/modules/esm/resolve:1206:11)
    at ModuleLoader.defaultResolve (node:internal/modules/esm/loader:404:12)
    at ModuleLoader.resolve (node:internal/modules/esm/loader:373:25)
    at ModuleLoader.getModuleJob (node:internal/modules/esm/loader:250:38)
    at ModuleWrap.<anonymous> (node:internal/modules/esm/module_job:76:39)
    at link (node:internal/modules/esm/module_job:75:36) {
  url: 'file:///home/ubuntu/GlobalEduSupport/backend/src/database.js',
  code: 'ERR_MODULE_NOT_FOUND'
}
Error [ERR_MODULE_NOT_FOUND]: Cannot find module '/home/ubuntu/GlobalEduSupport/backend/src/database.js' imported from /home/ubuntu/GlobalEduSupport/backend/src/middleware/passport.js
    at new NodeError (node:internal/errors:405:5)
    at finalizeResolution (node:internal/modules/esm/resolve:327:11)
    at moduleResolve (node:internal/modules/esm/resolve:980:10)
    at defaultResolve (node:internal/modules/esm/resolve:1206:11)
    at ModuleLoader.defaultResolve (node:internal/modules/esm/loader:404:12)
    at ModuleLoader.resolve (node:internal/modules/esm/loader:373:25)
    at ModuleLoader.getModuleJob (node:internal/modules/esm/loader:250:38)
    at ModuleWrap.<anonymous> (node:internal/modules/esm/module_job:76:39)
    at link (node:internal/modules/esm/module_job:75:36) {
  url: 'file:///home/ubuntu/GlobalEduSupport/backend/src/database.js',
  code: 'ERR_MODULE_NOT_FOUND'
}
Error [ERR_MODULE_NOT_FOUND]: Cannot find module '/home/ubuntu/GlobalEduSupport/backend/src/database.js' imported from /home/ubuntu/GlobalEduSupport/backend/src/middleware/passport.js
    at new NodeError (node:internal/errors:405:5)
    at finalizeResolution (node:internal/modules/esm/resolve:327:11)
    at moduleResolve (node:internal/modules/esm/resolve:980:10)
    at defaultResolve (node:internal/modules/esm/resolve:1206:11)
    at ModuleLoader.defaultResolve (node:internal/modules/esm/loader:404:12)
    at ModuleLoader.resolve (node:internal/modules/esm/loader:373:25)
    at ModuleLoader.getModuleJob (node:internal/modules/esm/loader:250:38)
    at ModuleWrap.<anonymous> (node:internal/modules/esm/module_job:76:39)
    at link (node:internal/modules/esm/module_job:75:36) {
  url: 'file:///home/ubuntu/GlobalEduSupport/backend/src/database.js',
  code: 'ERR_MODULE_NOT_FOUND'
}
