PayloadTooLargeError: request entity too large
    at readStream (/home/ubuntu/webhook-server/node_modules/raw-body/index.js:163:17)
    at getRawBody (/home/ubuntu/webhook-server/node_modules/raw-body/index.js:116:12)
    at read (/home/ubuntu/webhook-server/node_modules/body-parser/lib/read.js:74:3)
    at jsonParser (/home/ubuntu/webhook-server/node_modules/body-parser/lib/types/json.js:125:5)
    at Layer.handleRequest (/home/ubuntu/webhook-server/node_modules/router/lib/layer.js:152:17)
    at trimPrefix (/home/ubuntu/webhook-server/node_modules/router/index.js:342:13)
    at /home/ubuntu/webhook-server/node_modules/router/index.js:297:9
    at processParams (/home/ubuntu/webhook-server/node_modules/router/index.js:582:12)
    at next (/home/ubuntu/webhook-server/node_modules/router/index.js:291:5)
    at Function.handle (/home/ubuntu/webhook-server/node_modules/router/index.js:186:3)
PayloadTooLargeError: request entity too large
    at readStream (/home/ubuntu/webhook-server/node_modules/raw-body/index.js:163:17)
    at getRawBody (/home/ubuntu/webhook-server/node_modules/raw-body/index.js:116:12)
    at read (/home/ubuntu/webhook-server/node_modules/body-parser/lib/read.js:74:3)
    at jsonParser (/home/ubuntu/webhook-server/node_modules/body-parser/lib/types/json.js:125:5)
    at Layer.handleRequest (/home/ubuntu/webhook-server/node_modules/router/lib/layer.js:152:17)
    at trimPrefix (/home/ubuntu/webhook-server/node_modules/router/index.js:342:13)
    at /home/ubuntu/webhook-server/node_modules/router/index.js:297:9
    at processParams (/home/ubuntu/webhook-server/node_modules/router/index.js:582:12)
    at next (/home/ubuntu/webhook-server/node_modules/router/index.js:291:5)
    at Function.handle (/home/ubuntu/webhook-server/node_modules/router/index.js:186:3)
❌ Deploy error: From https://github.com/kung-taek/GlobalEduSupport
 * branch            main       -> FETCH_HEAD
   d753af7..27ea1ee  main       -> origin/main
error: Your local changes to the following files would be overwritten by merge:
	backend/.env
Please commit your changes or stash them before you merge.
Aborting

❌ Deploy error: From https://github.com/kung-taek/GlobalEduSupport
 * branch            main       -> FETCH_HEAD
   27ea1ee..aad16d6  main       -> origin/main
error: Your local changes to the following files would be overwritten by merge:
	backend/.env
Please commit your changes or stash them before you merge.
Aborting

❌ Deploy error: From https://github.com/kung-taek/GlobalEduSupport
 * branch            main       -> FETCH_HEAD
   aad16d6..191344f  main       -> origin/main
error: Your local changes to the following files would be overwritten by merge:
	backend/.env
Please commit your changes or stash them before you merge.
Aborting

❌ Deploy error: From https://github.com/kung-taek/GlobalEduSupport
 * branch            main       -> FETCH_HEAD
 + 7937eeb...28e6037 main       -> origin/main  (forced update)
hint: You have divergent branches and need to specify how to reconcile them.
hint: You can do so by running one of the following commands sometime before
hint: your next pull:
hint: 
hint:   git config pull.rebase false  # merge (the default strategy)
hint:   git config pull.rebase true   # rebase
hint:   git config pull.ff only       # fast-forward only
hint: 
hint: You can replace "git config" with "git config --global" to set a default
hint: preference for all repositories. You can also pass --rebase, --no-rebase,
hint: or --ff-only on the command line to override the configured default per
hint: invocation.
fatal: Need to specify how to reconcile divergent branches.

❌ Deploy error: From https://github.com/kung-taek/GlobalEduSupport
 * branch            main       -> FETCH_HEAD
   28e6037..472623b  main       -> origin/main
hint: You have divergent branches and need to specify how to reconcile them.
hint: You can do so by running one of the following commands sometime before
hint: your next pull:
hint: 
hint:   git config pull.rebase false  # merge (the default strategy)
hint:   git config pull.rebase true   # rebase
hint:   git config pull.ff only       # fast-forward only
hint: 
hint: You can replace "git config" with "git config --global" to set a default
hint: preference for all repositories. You can also pass --rebase, --no-rebase,
hint: or --ff-only on the command line to override the configured default per
hint: invocation.
fatal: Need to specify how to reconcile divergent branches.

❌ Deploy error: From https://github.com/kung-taek/GlobalEduSupport
 * branch            main       -> FETCH_HEAD
   472623b..608b47f  main       -> origin/main
hint: You have divergent branches and need to specify how to reconcile them.
hint: You can do so by running one of the following commands sometime before
hint: your next pull:
hint: 
hint:   git config pull.rebase false  # merge (the default strategy)
hint:   git config pull.rebase true   # rebase
hint:   git config pull.ff only       # fast-forward only
hint: 
hint: You can replace "git config" with "git config --global" to set a default
hint: preference for all repositories. You can also pass --rebase, --no-rebase,
hint: or --ff-only on the command line to override the configured default per
hint: invocation.
fatal: Need to specify how to reconcile divergent branches.

❌ Deploy error: From https://github.com/kung-taek/GlobalEduSupport
 * branch            main       -> FETCH_HEAD
   608b47f..9ba1e68  main       -> origin/main

❌ Deploy error: From https://github.com/kung-taek/GlobalEduSupport
 * branch            main       -> FETCH_HEAD
   16b91c1..adef714  main       -> origin/main
error: Your local changes to the following files would be overwritten by merge:
	backend/node_modules/.package-lock.json
	backend/package-lock.json
	backend/package.json
Please commit your changes or stash them before you merge.
Aborting

❌ Deploy error: From https://github.com/kung-taek/GlobalEduSupport
 * branch            main       -> FETCH_HEAD
   adef714..ef99327  main       -> origin/main
error: Your local changes to the following files would be overwritten by merge:
	backend/node_modules/.package-lock.json
	backend/package-lock.json
	backend/package.json
Please commit your changes or stash them before you merge.
Aborting

❌ Deploy error: From https://github.com/kung-taek/GlobalEduSupport
 * branch            main       -> FETCH_HEAD
   ef99327..37e4bd9  main       -> origin/main
error: Your local changes to the following files would be overwritten by merge:
	backend/node_modules/.package-lock.json
	backend/package-lock.json
	backend/package.json
Please commit your changes or stash them before you merge.
Aborting

❌ Deploy error: From https://github.com/kung-taek/GlobalEduSupport
 * branch            main       -> FETCH_HEAD
   37e4bd9..540a968  main       -> origin/main
error: Your local changes to the following files would be overwritten by merge:
	backend/node_modules/.package-lock.json
	backend/package-lock.json
	backend/package.json
Please commit your changes or stash them before you merge.
Aborting

❌ Deploy error: From https://github.com/kung-taek/GlobalEduSupport
 * branch            main       -> FETCH_HEAD
   540a968..5a61f18  main       -> origin/main
error: Your local changes to the following files would be overwritten by merge:
	backend/node_modules/.package-lock.json
	backend/package-lock.json
	backend/package.json
Please commit your changes or stash them before you merge.
Aborting

❌ Deploy error: From https://github.com/kung-taek/GlobalEduSupport
 * branch            main       -> FETCH_HEAD
   5a61f18..bf18e3f  main       -> origin/main
error: Your local changes to the following files would be overwritten by merge:
	backend/node_modules/.package-lock.json
	backend/package-lock.json
	backend/package.json
Please commit your changes or stash them before you merge.
Aborting

❌ Deploy error: From https://github.com/kung-taek/GlobalEduSupport
 * branch            main       -> FETCH_HEAD
error: Your local changes to the following files would be overwritten by merge:
	backend/node_modules/.package-lock.json
	backend/package-lock.json
	backend/package.json
Please commit your changes or stash them before you merge.
Aborting

