0 verbose cli /usr/bin/node /usr/bin/npm
1 info using npm@10.8.2
2 info using node@v18.20.8
3 silly config load:file:/usr/lib/node_modules/npm/npmrc
4 silly config load:file:/home/ubuntu/.npmrc
5 silly config load:file:/usr/etc/npmrc
6 verbose title npm install
7 verbose argv "install"
8 verbose logfile logs-max:10 dir:/home/ubuntu/.npm/_logs/2025-04-18T01_06_07_960Z-
9 verbose logfile /home/ubuntu/.npm/_logs/2025-04-18T01_06_07_960Z-debug-0.log
10 silly packumentCache heap:514588672 maxSize:128647168 maxEntrySize:64323584
11 silly logfile start cleaning logs, removing 1 files
12 silly logfile done cleaning log files
13 silly idealTree buildDeps
14 silly reify moves {}
15 verbose stack Error: Could not read package.json: Error: ENOENT: no such file or directory, open '/home/ubuntu/package.json'
16 error code ENOENT
17 error syscall open
18 error path /home/ubuntu/package.json
19 error errno -2
20 error enoent Could not read package.json: Error: ENOENT: no such file or directory, open '/home/ubuntu/package.json'
21 error enoent This is related to npm not being able to find a file.
21 error enoent
22 verbose cwd /home/ubuntu
23 verbose os Linux 6.8.0-1024-aws
24 verbose node v18.20.8
25 verbose npm  v10.8.2
26 verbose exit -2
27 verbose code -2
28 error A complete log of this run can be found in: /home/ubuntu/.npm/_logs/2025-04-18T01_06_07_960Z-debug-0.log
